<?xml version="1.0" encoding="UTF-8"?>
<testng-results ignored="0" total="1" passed="1" failed="0" skipped="0">
  <reporter-output>
  </reporter-output>
  <suite started-at="2022-02-21T07:50:39Z" name="Default suite" finished-at="2022-02-21T07:50:55Z" duration-ms="15965">
    <groups>
    </groups>
    <test started-at="2022-02-21T07:50:39Z" name="Default test" finished-at="2022-02-21T07:50:55Z" duration-ms="15965">
      <class name="mavenForJenkins.UITest">
        <test-method signature="startBrowser()[pri:0, instance:mavenForJenkins.UITest@4196c360]" started-at="2022-02-21T07:50:39Z" name="startBrowser" finished-at="2022-02-21T07:50:55Z" duration-ms="15935" status="PASS">
          <reporter-output>
          </reporter-output>
        </test-method> <!-- startBrowser -->
      </class> <!-- mavenForJenkins.UITest -->
    </test> <!-- Default test -->
  </suite> <!-- Default suite -->
</testng-results>
